[2019-04-29 19:00:31] development.ERROR: The requested page cannot be found: pages  
[2019-04-29 19:04:36] development.ERROR: Igniter\Flame\Exception\SystemException: The partial 'flash.php' is not found. in C:\xampp\htdocs\demoOrderPay\app\system\traits\ViewMaker.php:161
Stack trace:
#0 C:\xampp\htdocs\demoOrderPay\app\admin\actions\FormController.php(240): System\Classes\ControllerAction->makePartial('flash.php')
#1 [internal function]: Admin\Actions\FormController->create_onSave('create')
#2 C:\xampp\htdocs\demoOrderPay\vendor\tastyigniter\flame\src\Traits\ExtendableTrait.php(384): call_user_func_array(Array, Array)
#3 C:\xampp\htdocs\demoOrderPay\vendor\tastyigniter\flame\src\Support\Extendable.php(42): Igniter\Flame\Support\Extendable->extendableCall('create_onSave', Array)
#4 [internal function]: Igniter\Flame\Support\Extendable->__call('create_onSave', Array)
#5 C:\xampp\htdocs\demoOrderPay\app\admin\classes\AdminController.php(306): call_user_func_array(Array, Array)
#6 C:\xampp\htdocs\demoOrderPay\app\admin\classes\AdminController.php(189): Admin\Classes\AdminController->runHandler('onSave', Array)
#7 C:\xampp\htdocs\demoOrderPay\app\admin\classes\AdminController.php(149): Admin\Classes\AdminController->processHandlers()
#8 C:\xampp\htdocs\demoOrderPay\app\system\classes\Controller.php(118): Admin\Classes\AdminController->remap('create', Array)
#9 [internal function]: System\Classes\Controller->runAdmin('igniter/pages/p...')
#10 C:\xampp\htdocs\demoOrderPay\vendor\laravel\framework\src\Illuminate\Routing\Controller.php(54): call_user_func_array(Array, Array)
#11 C:\xampp\htdocs\demoOrderPay\vendor\laravel\framework\src\Illuminate\Routing\ControllerDispatcher.php(45): Illuminate\Routing\Controller->callAction('runAdmin', Array)
#12 C:\xampp\htdocs\demoOrderPay\vendor\laravel\framework\src\Illuminate\Routing\Route.php(212): Illuminate\Routing\ControllerDispatcher->dispatch(Object(Illuminate\Routing\Route), Object(System\Classes\Controller), 'runAdmin')
#13 C:\xampp\htdocs\demoOrderPay\vendor\laravel\framework\src\Illuminate\Routing\Route.php(169): Illuminate\Routing\Route->runController()
#14 C:\xampp\htdocs\demoOrderPay\vendor\laravel\framework\src\Illuminate\Routing\Router.php(658): Illuminate\Routing\Route->run()
#15 C:\xampp\htdocs\demoOrderPay\vendor\laravel\framework\src\Illuminate\Routing\Pipeline.php(30): Illuminate\Routing\Router->Illuminate\Routing\{closure}(Object(Illuminate\Http\Request))
#16 C:\xampp\htdocs\demoOrderPay\vendor\tastyigniter\flame\src\Translation\Middleware\Localization.php(26): Illuminate\Routing\Pipeline->Illuminate\Routing\{closure}(Object(Illuminate\Http\Request))
#17 C:\xampp\htdocs\demoOrderPay\vendor\laravel\framework\src\Illuminate\Pipeline\Pipeline.php(149): Igniter\Flame\Translation\Middleware\Localization->handle(Object(Illuminate\Http\Request), Object(Closure))
#18 C:\xampp\htdocs\demoOrderPay\vendor\laravel\framework\src\Illuminate\Routing\Pipeline.php(53): Illuminate\Pipeline\Pipeline->Illuminate\Pipeline\{closure}(Object(Illuminate\Http\Request))
#19 C:\xampp\htdocs\demoOrderPay\vendor\laravel\framework\src\Illuminate\Routing\Middleware\SubstituteBindings.php(41): Illuminate\Routing\Pipeline->Illuminate\Routing\{closure}(Object(Illuminate\Http\Request))
#20 C:\xampp\htdocs\demoOrderPay\vendor\laravel\framework\src\Illuminate\Pipeline\Pipeline.php(149): Illuminate\Routing\Middleware\SubstituteBindings->handle(Object(Illuminate\Http\Request), Object(Closure))
#21 C:\xampp\htdocs\demoOrderPay\vendor\laravel\framework\src\Illuminate\Routing\Pipeline.php(53): Illuminate\Pipeline\Pipeline->Illuminate\Pipeline\{closure}(Object(Illuminate\Http\Request))
#22 C:\xampp\htdocs\demoOrderPay\vendor\laravel\framework\src\Illuminate\View\Middleware\ShareErrorsFromSession.php(49): Illuminate\Routing\Pipeline->Illuminate\Routing\{closure}(Object(Illuminate\Http\Request))
#23 C:\xampp\htdocs\demoOrderPay\vendor\laravel\framework\src\Illuminate\Pipeline\Pipeline.php(149): Illuminate\View\Middleware\ShareErrorsFromSession->handle(Object(Illuminate\Http\Request), Object(Closure))
#24 C:\xampp\htdocs\demoOrderPay\vendor\laravel\framework\src\Illuminate\Routing\Pipeline.php(53): Illuminate\Pipeline\Pipeline->Illuminate\Pipeline\{closure}(Object(Illuminate\Http\Request))
#25 C:\xampp\htdocs\demoOrderPay\vendor\laravel\framework\src\Illuminate\Session\Middleware\StartSession.php(63): Illuminate\Routing\Pipeline->Illuminate\Routing\{closure}(Object(Illuminate\Http\Request))
#26 C:\xampp\htdocs\demoOrderPay\vendor\laravel\framework\src\Illuminate\Pipeline\Pipeline.php(149): Illuminate\Session\Middleware\StartSession->handle(Object(Illuminate\Http\Request), Object(Closure))
#27 C:\xampp\htdocs\demoOrderPay\vendor\laravel\framework\src\Illuminate\Routing\Pipeline.php(53): Illuminate\Pipeline\Pipeline->Illuminate\Pipeline\{closure}(Object(Illuminate\Http\Request))
#28 C:\xampp\htdocs\demoOrderPay\vendor\laravel\framework\src\Illuminate\Cookie\Middleware\AddQueuedCookiesToResponse.php(37): Illuminate\Routing\Pipeline->Illuminate\Routing\{closure}(Object(Illuminate\Http\Request))
#29 C:\xampp\htdocs\demoOrderPay\vendor\laravel\framework\src\Illuminate\Pipeline\Pipeline.php(149): Illuminate\Cookie\Middleware\AddQueuedCookiesToResponse->handle(Object(Illuminate\Http\Request), Object(Closure))
#30 C:\xampp\htdocs\demoOrderPay\vendor\laravel\framework\src\Illuminate\Routing\Pipeline.php(53): Illuminate\Pipeline\Pipeline->Illuminate\Pipeline\{closure}(Object(Illuminate\Http\Request))
#31 C:\xampp\htdocs\demoOrderPay\vendor\laravel\framework\src\Illuminate\Cookie\Middleware\EncryptCookies.php(66): Illuminate\Routing\Pipeline->Illuminate\Routing\{closure}(Object(Illuminate\Http\Request))
#32 C:\xampp\htdocs\demoOrderPay\vendor\laravel\framework\src\Illuminate\Pipeline\Pipeline.php(149): Illuminate\Cookie\Middleware\EncryptCookies->handle(Object(Illuminate\Http\Request), Object(Closure))
#33 C:\xampp\htdocs\demoOrderPay\vendor\laravel\framework\src\Illuminate\Routing\Pipeline.php(53): Illuminate\Pipeline\Pipeline->Illuminate\Pipeline\{closure}(Object(Illuminate\Http\Request))
#34 C:\xampp\htdocs\demoOrderPay\vendor\laravel\framework\src\Illuminate\Pipeline\Pipeline.php(102): Illuminate\Routing\Pipeline->Illuminate\Routing\{closure}(Object(Illuminate\Http\Request))
#35 C:\xampp\htdocs\demoOrderPay\vendor\laravel\framework\src\Illuminate\Routing\Router.php(660): Illuminate\Pipeline\Pipeline->then(Object(Closure))
#36 C:\xampp\htdocs\demoOrderPay\vendor\laravel\framework\src\Illuminate\Routing\Router.php(635): Illuminate\Routing\Router->runRouteWithinStack(Object(Illuminate\Routing\Route), Object(Illuminate\Http\Request))
#37 C:\xampp\htdocs\demoOrderPay\vendor\laravel\framework\src\Illuminate\Routing\Router.php(601): Illuminate\Routing\Router->runRoute(Object(Illuminate\Http\Request), Object(Illuminate\Routing\Route))
#38 C:\xampp\htdocs\demoOrderPay\vendor\october\rain\src\Router\CoreRouter.php(20): Illuminate\Routing\Router->dispatchToRoute(Object(Illuminate\Http\Request))
#39 C:\xampp\htdocs\demoOrderPay\vendor\laravel\framework\src\Illuminate\Foundation\Http\Kernel.php(176): October\Rain\Router\CoreRouter->dispatch(Object(Illuminate\Http\Request))
#40 C:\xampp\htdocs\demoOrderPay\vendor\laravel\framework\src\Illuminate\Routing\Pipeline.php(30): Illuminate\Foundation\Http\Kernel->Illuminate\Foundation\Http\{closure}(Object(Illuminate\Http\Request))
#41 C:\xampp\htdocs\demoOrderPay\vendor\tastyigniter\flame\src\Setting\Middleware\SaveSetting.php(25): Illuminate\Routing\Pipeline->Illuminate\Routing\{closure}(Object(Illuminate\Http\Request))
#42 C:\xampp\htdocs\demoOrderPay\vendor\laravel\framework\src\Illuminate\Pipeline\Pipeline.php(149): Igniter\Flame\Setting\Middleware\SaveSetting->handle(Object(Illuminate\Http\Request), Object(Closure))
#43 C:\xampp\htdocs\demoOrderPay\vendor\laravel\framework\src\Illuminate\Routing\Pipeline.php(53): Illuminate\Pipeline\Pipeline->Illuminate\Pipeline\{closure}(Object(Illuminate\Http\Request))
#44 C:\xampp\htdocs\demoOrderPay\vendor\fideloper\proxy\src\TrustProxies.php(56): Illuminate\Routing\Pipeline->Illuminate\Routing\{closure}(Object(Illuminate\Http\Request))
#45 C:\xampp\htdocs\demoOrderPay\vendor\laravel\framework\src\Illuminate\Pipeline\Pipeline.php(149): Fideloper\Proxy\TrustProxies->handle(Object(Illuminate\Http\Request), Object(Closure))
#46 C:\xampp\htdocs\demoOrderPay\vendor\laravel\framework\src\Illuminate\Routing\Pipeline.php(53): Illuminate\Pipeline\Pipeline->Illuminate\Pipeline\{closure}(Object(Illuminate\Http\Request))
#47 C:\xampp\htdocs\demoOrderPay\vendor\laravel\framework\src\Illuminate\Foundation\Http\Middleware\TransformsRequest.php(30): Illuminate\Routing\Pipeline->Illuminate\Routing\{closure}(Object(Illuminate\Http\Request))
#48 C:\xampp\htdocs\demoOrderPay\vendor\laravel\framework\src\Illuminate\Pipeline\Pipeline.php(149): Illuminate\Foundation\Http\Middleware\TransformsRequest->handle(Object(Illuminate\Http\Request), Object(Closure))
#49 C:\xampp\htdocs\demoOrderPay\vendor\laravel\framework\src\Illuminate\Routing\Pipeline.php(53): Illuminate\Pipeline\Pipeline->Illuminate\Pipeline\{closure}(Object(Illuminate\Http\Request))
#50 C:\xampp\htdocs\demoOrderPay\vendor\laravel\framework\src\Illuminate\Foundation\Http\Middleware\ValidatePostSize.php(27): Illuminate\Routing\Pipeline->Illuminate\Routing\{closure}(Object(Illuminate\Http\Request))
#51 C:\xampp\htdocs\demoOrderPay\vendor\laravel\framework\src\Illuminate\Pipeline\Pipeline.php(149): Illuminate\Foundation\Http\Middleware\ValidatePostSize->handle(Object(Illuminate\Http\Request), Object(Closure))
#52 C:\xampp\htdocs\demoOrderPay\vendor\laravel\framework\src\Illuminate\Routing\Pipeline.php(53): Illuminate\Pipeline\Pipeline->Illuminate\Pipeline\{closure}(Object(Illuminate\Http\Request))
#53 C:\xampp\htdocs\demoOrderPay\vendor\laravel\framework\src\Illuminate\Foundation\Http\Middleware\CheckForMaintenanceMode.php(46): Illuminate\Routing\Pipeline->Illuminate\Routing\{closure}(Object(Illuminate\Http\Request))
#54 C:\xampp\htdocs\demoOrderPay\vendor\laravel\framework\src\Illuminate\Pipeline\Pipeline.php(149): Illuminate\Foundation\Http\Middleware\CheckForMaintenanceMode->handle(Object(Illuminate\Http\Request), Object(Closure))
#55 C:\xampp\htdocs\demoOrderPay\vendor\laravel\framework\src\Illuminate\Routing\Pipeline.php(53): Illuminate\Pipeline\Pipeline->Illuminate\Pipeline\{closure}(Object(Illuminate\Http\Request))
#56 C:\xampp\htdocs\demoOrderPay\vendor\laravel\framework\src\Illuminate\Pipeline\Pipeline.php(102): Illuminate\Routing\Pipeline->Illuminate\Routing\{closure}(Object(Illuminate\Http\Request))
#57 C:\xampp\htdocs\demoOrderPay\vendor\laravel\framework\src\Illuminate\Foundation\Http\Kernel.php(151): Illuminate\Pipeline\Pipeline->then(Object(Closure))
#58 C:\xampp\htdocs\demoOrderPay\vendor\laravel\framework\src\Illuminate\Foundation\Http\Kernel.php(116): Illuminate\Foundation\Http\Kernel->sendRequestThroughRouter(Object(Illuminate\Http\Request))
#59 C:\xampp\htdocs\demoOrderPay\index.php(53): Illuminate\Foundation\Http\Kernel->handle(Object(Illuminate\Http\Request))
#60 {main}  
[2019-04-29 19:20:45] development.ERROR: Igniter\Flame\Exception\SystemException: The partial 'flash.php' is not found. in C:\xampp\htdocs\demoOrderPay\app\system\traits\ViewMaker.php:161
Stack trace:
#0 C:\xampp\htdocs\demoOrderPay\app\admin\actions\FormController.php(240): System\Classes\ControllerAction->makePartial('flash.php')
#1 [internal function]: Admin\Actions\FormController->create_onSave('create')
#2 C:\xampp\htdocs\demoOrderPay\vendor\tastyigniter\flame\src\Traits\ExtendableTrait.php(384): call_user_func_array(Array, Array)
#3 C:\xampp\htdocs\demoOrderPay\vendor\tastyigniter\flame\src\Support\Extendable.php(42): Igniter\Flame\Support\Extendable->extendableCall('create_onSave', Array)
#4 [internal function]: Igniter\Flame\Support\Extendable->__call('create_onSave', Array)
#5 C:\xampp\htdocs\demoOrderPay\app\admin\classes\AdminController.php(306): call_user_func_array(Array, Array)
#6 C:\xampp\htdocs\demoOrderPay\app\admin\classes\AdminController.php(189): Admin\Classes\AdminController->runHandler('onSave', Array)
#7 C:\xampp\htdocs\demoOrderPay\app\admin\classes\AdminController.php(149): Admin\Classes\AdminController->processHandlers()
#8 C:\xampp\htdocs\demoOrderPay\app\system\classes\Controller.php(118): Admin\Classes\AdminController->remap('create', Array)
#9 [internal function]: System\Classes\Controller->runAdmin('igniter/pages/p...')
#10 C:\xampp\htdocs\demoOrderPay\vendor\laravel\framework\src\Illuminate\Routing\Controller.php(54): call_user_func_array(Array, Array)
#11 C:\xampp\htdocs\demoOrderPay\vendor\laravel\framework\src\Illuminate\Routing\ControllerDispatcher.php(45): Illuminate\Routing\Controller->callAction('runAdmin', Array)
#12 C:\xampp\htdocs\demoOrderPay\vendor\laravel\framework\src\Illuminate\Routing\Route.php(212): Illuminate\Routing\ControllerDispatcher->dispatch(Object(Illuminate\Routing\Route), Object(System\Classes\Controller), 'runAdmin')
#13 C:\xampp\htdocs\demoOrderPay\vendor\laravel\framework\src\Illuminate\Routing\Route.php(169): Illuminate\Routing\Route->runController()
#14 C:\xampp\htdocs\demoOrderPay\vendor\laravel\framework\src\Illuminate\Routing\Router.php(658): Illuminate\Routing\Route->run()
#15 C:\xampp\htdocs\demoOrderPay\vendor\laravel\framework\src\Illuminate\Routing\Pipeline.php(30): Illuminate\Routing\Router->Illuminate\Routing\{closure}(Object(Illuminate\Http\Request))
#16 C:\xampp\htdocs\demoOrderPay\vendor\tastyigniter\flame\src\Translation\Middleware\Localization.php(26): Illuminate\Routing\Pipeline->Illuminate\Routing\{closure}(Object(Illuminate\Http\Request))
#17 C:\xampp\htdocs\demoOrderPay\vendor\laravel\framework\src\Illuminate\Pipeline\Pipeline.php(149): Igniter\Flame\Translation\Middleware\Localization->handle(Object(Illuminate\Http\Request), Object(Closure))
#18 C:\xampp\htdocs\demoOrderPay\vendor\laravel\framework\src\Illuminate\Routing\Pipeline.php(53): Illuminate\Pipeline\Pipeline->Illuminate\Pipeline\{closure}(Object(Illuminate\Http\Request))
#19 C:\xampp\htdocs\demoOrderPay\vendor\laravel\framework\src\Illuminate\Routing\Middleware\SubstituteBindings.php(41): Illuminate\Routing\Pipeline->Illuminate\Routing\{closure}(Object(Illuminate\Http\Request))
#20 C:\xampp\htdocs\demoOrderPay\vendor\laravel\framework\src\Illuminate\Pipeline\Pipeline.php(149): Illuminate\Routing\Middleware\SubstituteBindings->handle(Object(Illuminate\Http\Request), Object(Closure))
#21 C:\xampp\htdocs\demoOrderPay\vendor\laravel\framework\src\Illuminate\Routing\Pipeline.php(53): Illuminate\Pipeline\Pipeline->Illuminate\Pipeline\{closure}(Object(Illuminate\Http\Request))
#22 C:\xampp\htdocs\demoOrderPay\vendor\laravel\framework\src\Illuminate\View\Middleware\ShareErrorsFromSession.php(49): Illuminate\Routing\Pipeline->Illuminate\Routing\{closure}(Object(Illuminate\Http\Request))
#23 C:\xampp\htdocs\demoOrderPay\vendor\laravel\framework\src\Illuminate\Pipeline\Pipeline.php(149): Illuminate\View\Middleware\ShareErrorsFromSession->handle(Object(Illuminate\Http\Request), Object(Closure))
#24 C:\xampp\htdocs\demoOrderPay\vendor\laravel\framework\src\Illuminate\Routing\Pipeline.php(53): Illuminate\Pipeline\Pipeline->Illuminate\Pipeline\{closure}(Object(Illuminate\Http\Request))
#25 C:\xampp\htdocs\demoOrderPay\vendor\laravel\framework\src\Illuminate\Session\Middleware\StartSession.php(63): Illuminate\Routing\Pipeline->Illuminate\Routing\{closure}(Object(Illuminate\Http\Request))
#26 C:\xampp\htdocs\demoOrderPay\vendor\laravel\framework\src\Illuminate\Pipeline\Pipeline.php(149): Illuminate\Session\Middleware\StartSession->handle(Object(Illuminate\Http\Request), Object(Closure))
#27 C:\xampp\htdocs\demoOrderPay\vendor\laravel\framework\src\Illuminate\Routing\Pipeline.php(53): Illuminate\Pipeline\Pipeline->Illuminate\Pipeline\{closure}(Object(Illuminate\Http\Request))
#28 C:\xampp\htdocs\demoOrderPay\vendor\laravel\framework\src\Illuminate\Cookie\Middleware\AddQueuedCookiesToResponse.php(37): Illuminate\Routing\Pipeline->Illuminate\Routing\{closure}(Object(Illuminate\Http\Request))
#29 C:\xampp\htdocs\demoOrderPay\vendor\laravel\framework\src\Illuminate\Pipeline\Pipeline.php(149): Illuminate\Cookie\Middleware\AddQueuedCookiesToResponse->handle(Object(Illuminate\Http\Request), Object(Closure))
#30 C:\xampp\htdocs\demoOrderPay\vendor\laravel\framework\src\Illuminate\Routing\Pipeline.php(53): Illuminate\Pipeline\Pipeline->Illuminate\Pipeline\{closure}(Object(Illuminate\Http\Request))
#31 C:\xampp\htdocs\demoOrderPay\vendor\laravel\framework\src\Illuminate\Cookie\Middleware\EncryptCookies.php(66): Illuminate\Routing\Pipeline->Illuminate\Routing\{closure}(Object(Illuminate\Http\Request))
#32 C:\xampp\htdocs\demoOrderPay\vendor\laravel\framework\src\Illuminate\Pipeline\Pipeline.php(149): Illuminate\Cookie\Middleware\EncryptCookies->handle(Object(Illuminate\Http\Request), Object(Closure))
#33 C:\xampp\htdocs\demoOrderPay\vendor\laravel\framework\src\Illuminate\Routing\Pipeline.php(53): Illuminate\Pipeline\Pipeline->Illuminate\Pipeline\{closure}(Object(Illuminate\Http\Request))
#34 C:\xampp\htdocs\demoOrderPay\vendor\laravel\framework\src\Illuminate\Pipeline\Pipeline.php(102): Illuminate\Routing\Pipeline->Illuminate\Routing\{closure}(Object(Illuminate\Http\Request))
#35 C:\xampp\htdocs\demoOrderPay\vendor\laravel\framework\src\Illuminate\Routing\Router.php(660): Illuminate\Pipeline\Pipeline->then(Object(Closure))
#36 C:\xampp\htdocs\demoOrderPay\vendor\laravel\framework\src\Illuminate\Routing\Router.php(635): Illuminate\Routing\Router->runRouteWithinStack(Object(Illuminate\Routing\Route), Object(Illuminate\Http\Request))
#37 C:\xampp\htdocs\demoOrderPay\vendor\laravel\framework\src\Illuminate\Routing\Router.php(601): Illuminate\Routing\Router->runRoute(Object(Illuminate\Http\Request), Object(Illuminate\Routing\Route))
#38 C:\xampp\htdocs\demoOrderPay\vendor\october\rain\src\Router\CoreRouter.php(20): Illuminate\Routing\Router->dispatchToRoute(Object(Illuminate\Http\Request))
#39 C:\xampp\htdocs\demoOrderPay\vendor\laravel\framework\src\Illuminate\Foundation\Http\Kernel.php(176): October\Rain\Router\CoreRouter->dispatch(Object(Illuminate\Http\Request))
#40 C:\xampp\htdocs\demoOrderPay\vendor\laravel\framework\src\Illuminate\Routing\Pipeline.php(30): Illuminate\Foundation\Http\Kernel->Illuminate\Foundation\Http\{closure}(Object(Illuminate\Http\Request))
#41 C:\xampp\htdocs\demoOrderPay\vendor\tastyigniter\flame\src\Setting\Middleware\SaveSetting.php(25): Illuminate\Routing\Pipeline->Illuminate\Routing\{closure}(Object(Illuminate\Http\Request))
#42 C:\xampp\htdocs\demoOrderPay\vendor\laravel\framework\src\Illuminate\Pipeline\Pipeline.php(149): Igniter\Flame\Setting\Middleware\SaveSetting->handle(Object(Illuminate\Http\Request), Object(Closure))
#43 C:\xampp\htdocs\demoOrderPay\vendor\laravel\framework\src\Illuminate\Routing\Pipeline.php(53): Illuminate\Pipeline\Pipeline->Illuminate\Pipeline\{closure}(Object(Illuminate\Http\Request))
#44 C:\xampp\htdocs\demoOrderPay\vendor\fideloper\proxy\src\TrustProxies.php(56): Illuminate\Routing\Pipeline->Illuminate\Routing\{closure}(Object(Illuminate\Http\Request))
#45 C:\xampp\htdocs\demoOrderPay\vendor\laravel\framework\src\Illuminate\Pipeline\Pipeline.php(149): Fideloper\Proxy\TrustProxies->handle(Object(Illuminate\Http\Request), Object(Closure))
#46 C:\xampp\htdocs\demoOrderPay\vendor\laravel\framework\src\Illuminate\Routing\Pipeline.php(53): Illuminate\Pipeline\Pipeline->Illuminate\Pipeline\{closure}(Object(Illuminate\Http\Request))
#47 C:\xampp\htdocs\demoOrderPay\vendor\laravel\framework\src\Illuminate\Foundation\Http\Middleware\TransformsRequest.php(30): Illuminate\Routing\Pipeline->Illuminate\Routing\{closure}(Object(Illuminate\Http\Request))
#48 C:\xampp\htdocs\demoOrderPay\vendor\laravel\framework\src\Illuminate\Pipeline\Pipeline.php(149): Illuminate\Foundation\Http\Middleware\TransformsRequest->handle(Object(Illuminate\Http\Request), Object(Closure))
#49 C:\xampp\htdocs\demoOrderPay\vendor\laravel\framework\src\Illuminate\Routing\Pipeline.php(53): Illuminate\Pipeline\Pipeline->Illuminate\Pipeline\{closure}(Object(Illuminate\Http\Request))
#50 C:\xampp\htdocs\demoOrderPay\vendor\laravel\framework\src\Illuminate\Foundation\Http\Middleware\ValidatePostSize.php(27): Illuminate\Routing\Pipeline->Illuminate\Routing\{closure}(Object(Illuminate\Http\Request))
#51 C:\xampp\htdocs\demoOrderPay\vendor\laravel\framework\src\Illuminate\Pipeline\Pipeline.php(149): Illuminate\Foundation\Http\Middleware\ValidatePostSize->handle(Object(Illuminate\Http\Request), Object(Closure))
#52 C:\xampp\htdocs\demoOrderPay\vendor\laravel\framework\src\Illuminate\Routing\Pipeline.php(53): Illuminate\Pipeline\Pipeline->Illuminate\Pipeline\{closure}(Object(Illuminate\Http\Request))
#53 C:\xampp\htdocs\demoOrderPay\vendor\laravel\framework\src\Illuminate\Foundation\Http\Middleware\CheckForMaintenanceMode.php(46): Illuminate\Routing\Pipeline->Illuminate\Routing\{closure}(Object(Illuminate\Http\Request))
#54 C:\xampp\htdocs\demoOrderPay\vendor\laravel\framework\src\Illuminate\Pipeline\Pipeline.php(149): Illuminate\Foundation\Http\Middleware\CheckForMaintenanceMode->handle(Object(Illuminate\Http\Request), Object(Closure))
#55 C:\xampp\htdocs\demoOrderPay\vendor\laravel\framework\src\Illuminate\Routing\Pipeline.php(53): Illuminate\Pipeline\Pipeline->Illuminate\Pipeline\{closure}(Object(Illuminate\Http\Request))
#56 C:\xampp\htdocs\demoOrderPay\vendor\laravel\framework\src\Illuminate\Pipeline\Pipeline.php(102): Illuminate\Routing\Pipeline->Illuminate\Routing\{closure}(Object(Illuminate\Http\Request))
#57 C:\xampp\htdocs\demoOrderPay\vendor\laravel\framework\src\Illuminate\Foundation\Http\Kernel.php(151): Illuminate\Pipeline\Pipeline->then(Object(Closure))
#58 C:\xampp\htdocs\demoOrderPay\vendor\laravel\framework\src\Illuminate\Foundation\Http\Kernel.php(116): Illuminate\Foundation\Http\Kernel->sendRequestThroughRouter(Object(Illuminate\Http\Request))
#59 C:\xampp\htdocs\demoOrderPay\index.php(53): Illuminate\Foundation\Http\Kernel->handle(Object(Illuminate\Http\Request))
#60 {main}  
[2019-04-29 19:20:49] development.ERROR: Igniter\Flame\Exception\SystemException: The partial 'flash.php' is not found. in C:\xampp\htdocs\demoOrderPay\app\system\traits\ViewMaker.php:161
Stack trace:
#0 C:\xampp\htdocs\demoOrderPay\app\admin\actions\FormController.php(240): System\Classes\ControllerAction->makePartial('flash.php')
#1 [internal function]: Admin\Actions\FormController->create_onSave('create')
#2 C:\xampp\htdocs\demoOrderPay\vendor\tastyigniter\flame\src\Traits\ExtendableTrait.php(384): call_user_func_array(Array, Array)
#3 C:\xampp\htdocs\demoOrderPay\vendor\tastyigniter\flame\src\Support\Extendable.php(42): Igniter\Flame\Support\Extendable->extendableCall('create_onSave', Array)
#4 [internal function]: Igniter\Flame\Support\Extendable->__call('create_onSave', Array)
#5 C:\xampp\htdocs\demoOrderPay\app\admin\classes\AdminController.php(306): call_user_func_array(Array, Array)
#6 C:\xampp\htdocs\demoOrderPay\app\admin\classes\AdminController.php(189): Admin\Classes\AdminController->runHandler('onSave', Array)
#7 C:\xampp\htdocs\demoOrderPay\app\admin\classes\AdminController.php(149): Admin\Classes\AdminController->processHandlers()
#8 C:\xampp\htdocs\demoOrderPay\app\system\classes\Controller.php(118): Admin\Classes\AdminController->remap('create', Array)
#9 [internal function]: System\Classes\Controller->runAdmin('igniter/pages/p...')
#10 C:\xampp\htdocs\demoOrderPay\vendor\laravel\framework\src\Illuminate\Routing\Controller.php(54): call_user_func_array(Array, Array)
#11 C:\xampp\htdocs\demoOrderPay\vendor\laravel\framework\src\Illuminate\Routing\ControllerDispatcher.php(45): Illuminate\Routing\Controller->callAction('runAdmin', Array)
#12 C:\xampp\htdocs\demoOrderPay\vendor\laravel\framework\src\Illuminate\Routing\Route.php(212): Illuminate\Routing\ControllerDispatcher->dispatch(Object(Illuminate\Routing\Route), Object(System\Classes\Controller), 'runAdmin')
#13 C:\xampp\htdocs\demoOrderPay\vendor\laravel\framework\src\Illuminate\Routing\Route.php(169): Illuminate\Routing\Route->runController()
#14 C:\xampp\htdocs\demoOrderPay\vendor\laravel\framework\src\Illuminate\Routing\Router.php(658): Illuminate\Routing\Route->run()
#15 C:\xampp\htdocs\demoOrderPay\vendor\laravel\framework\src\Illuminate\Routing\Pipeline.php(30): Illuminate\Routing\Router->Illuminate\Routing\{closure}(Object(Illuminate\Http\Request))
#16 C:\xampp\htdocs\demoOrderPay\vendor\tastyigniter\flame\src\Translation\Middleware\Localization.php(26): Illuminate\Routing\Pipeline->Illuminate\Routing\{closure}(Object(Illuminate\Http\Request))
#17 C:\xampp\htdocs\demoOrderPay\vendor\laravel\framework\src\Illuminate\Pipeline\Pipeline.php(149): Igniter\Flame\Translation\Middleware\Localization->handle(Object(Illuminate\Http\Request), Object(Closure))
#18 C:\xampp\htdocs\demoOrderPay\vendor\laravel\framework\src\Illuminate\Routing\Pipeline.php(53): Illuminate\Pipeline\Pipeline->Illuminate\Pipeline\{closure}(Object(Illuminate\Http\Request))
#19 C:\xampp\htdocs\demoOrderPay\vendor\laravel\framework\src\Illuminate\Routing\Middleware\SubstituteBindings.php(41): Illuminate\Routing\Pipeline->Illuminate\Routing\{closure}(Object(Illuminate\Http\Request))
#20 C:\xampp\htdocs\demoOrderPay\vendor\laravel\framework\src\Illuminate\Pipeline\Pipeline.php(149): Illuminate\Routing\Middleware\SubstituteBindings->handle(Object(Illuminate\Http\Request), Object(Closure))
#21 C:\xampp\htdocs\demoOrderPay\vendor\laravel\framework\src\Illuminate\Routing\Pipeline.php(53): Illuminate\Pipeline\Pipeline->Illuminate\Pipeline\{closure}(Object(Illuminate\Http\Request))
#22 C:\xampp\htdocs\demoOrderPay\vendor\laravel\framework\src\Illuminate\View\Middleware\ShareErrorsFromSession.php(49): Illuminate\Routing\Pipeline->Illuminate\Routing\{closure}(Object(Illuminate\Http\Request))
#23 C:\xampp\htdocs\demoOrderPay\vendor\laravel\framework\src\Illuminate\Pipeline\Pipeline.php(149): Illuminate\View\Middleware\ShareErrorsFromSession->handle(Object(Illuminate\Http\Request), Object(Closure))
#24 C:\xampp\htdocs\demoOrderPay\vendor\laravel\framework\src\Illuminate\Routing\Pipeline.php(53): Illuminate\Pipeline\Pipeline->Illuminate\Pipeline\{closure}(Object(Illuminate\Http\Request))
#25 C:\xampp\htdocs\demoOrderPay\vendor\laravel\framework\src\Illuminate\Session\Middleware\StartSession.php(63): Illuminate\Routing\Pipeline->Illuminate\Routing\{closure}(Object(Illuminate\Http\Request))
#26 C:\xampp\htdocs\demoOrderPay\vendor\laravel\framework\src\Illuminate\Pipeline\Pipeline.php(149): Illuminate\Session\Middleware\StartSession->handle(Object(Illuminate\Http\Request), Object(Closure))
#27 C:\xampp\htdocs\demoOrderPay\vendor\laravel\framework\src\Illuminate\Routing\Pipeline.php(53): Illuminate\Pipeline\Pipeline->Illuminate\Pipeline\{closure}(Object(Illuminate\Http\Request))
#28 C:\xampp\htdocs\demoOrderPay\vendor\laravel\framework\src\Illuminate\Cookie\Middleware\AddQueuedCookiesToResponse.php(37): Illuminate\Routing\Pipeline->Illuminate\Routing\{closure}(Object(Illuminate\Http\Request))
#29 C:\xampp\htdocs\demoOrderPay\vendor\laravel\framework\src\Illuminate\Pipeline\Pipeline.php(149): Illuminate\Cookie\Middleware\AddQueuedCookiesToResponse->handle(Object(Illuminate\Http\Request), Object(Closure))
#30 C:\xampp\htdocs\demoOrderPay\vendor\laravel\framework\src\Illuminate\Routing\Pipeline.php(53): Illuminate\Pipeline\Pipeline->Illuminate\Pipeline\{closure}(Object(Illuminate\Http\Request))
#31 C:\xampp\htdocs\demoOrderPay\vendor\laravel\framework\src\Illuminate\Cookie\Middleware\EncryptCookies.php(66): Illuminate\Routing\Pipeline->Illuminate\Routing\{closure}(Object(Illuminate\Http\Request))
#32 C:\xampp\htdocs\demoOrderPay\vendor\laravel\framework\src\Illuminate\Pipeline\Pipeline.php(149): Illuminate\Cookie\Middleware\EncryptCookies->handle(Object(Illuminate\Http\Request), Object(Closure))
#33 C:\xampp\htdocs\demoOrderPay\vendor\laravel\framework\src\Illuminate\Routing\Pipeline.php(53): Illuminate\Pipeline\Pipeline->Illuminate\Pipeline\{closure}(Object(Illuminate\Http\Request))
#34 C:\xampp\htdocs\demoOrderPay\vendor\laravel\framework\src\Illuminate\Pipeline\Pipeline.php(102): Illuminate\Routing\Pipeline->Illuminate\Routing\{closure}(Object(Illuminate\Http\Request))
#35 C:\xampp\htdocs\demoOrderPay\vendor\laravel\framework\src\Illuminate\Routing\Router.php(660): Illuminate\Pipeline\Pipeline->then(Object(Closure))
#36 C:\xampp\htdocs\demoOrderPay\vendor\laravel\framework\src\Illuminate\Routing\Router.php(635): Illuminate\Routing\Router->runRouteWithinStack(Object(Illuminate\Routing\Route), Object(Illuminate\Http\Request))
#37 C:\xampp\htdocs\demoOrderPay\vendor\laravel\framework\src\Illuminate\Routing\Router.php(601): Illuminate\Routing\Router->runRoute(Object(Illuminate\Http\Request), Object(Illuminate\Routing\Route))
#38 C:\xampp\htdocs\demoOrderPay\vendor\october\rain\src\Router\CoreRouter.php(20): Illuminate\Routing\Router->dispatchToRoute(Object(Illuminate\Http\Request))
#39 C:\xampp\htdocs\demoOrderPay\vendor\laravel\framework\src\Illuminate\Foundation\Http\Kernel.php(176): October\Rain\Router\CoreRouter->dispatch(Object(Illuminate\Http\Request))
#40 C:\xampp\htdocs\demoOrderPay\vendor\laravel\framework\src\Illuminate\Routing\Pipeline.php(30): Illuminate\Foundation\Http\Kernel->Illuminate\Foundation\Http\{closure}(Object(Illuminate\Http\Request))
#41 C:\xampp\htdocs\demoOrderPay\vendor\tastyigniter\flame\src\Setting\Middleware\SaveSetting.php(25): Illuminate\Routing\Pipeline->Illuminate\Routing\{closure}(Object(Illuminate\Http\Request))
#42 C:\xampp\htdocs\demoOrderPay\vendor\laravel\framework\src\Illuminate\Pipeline\Pipeline.php(149): Igniter\Flame\Setting\Middleware\SaveSetting->handle(Object(Illuminate\Http\Request), Object(Closure))
#43 C:\xampp\htdocs\demoOrderPay\vendor\laravel\framework\src\Illuminate\Routing\Pipeline.php(53): Illuminate\Pipeline\Pipeline->Illuminate\Pipeline\{closure}(Object(Illuminate\Http\Request))
#44 C:\xampp\htdocs\demoOrderPay\vendor\fideloper\proxy\src\TrustProxies.php(56): Illuminate\Routing\Pipeline->Illuminate\Routing\{closure}(Object(Illuminate\Http\Request))
#45 C:\xampp\htdocs\demoOrderPay\vendor\laravel\framework\src\Illuminate\Pipeline\Pipeline.php(149): Fideloper\Proxy\TrustProxies->handle(Object(Illuminate\Http\Request), Object(Closure))
#46 C:\xampp\htdocs\demoOrderPay\vendor\laravel\framework\src\Illuminate\Routing\Pipeline.php(53): Illuminate\Pipeline\Pipeline->Illuminate\Pipeline\{closure}(Object(Illuminate\Http\Request))
#47 C:\xampp\htdocs\demoOrderPay\vendor\laravel\framework\src\Illuminate\Foundation\Http\Middleware\TransformsRequest.php(30): Illuminate\Routing\Pipeline->Illuminate\Routing\{closure}(Object(Illuminate\Http\Request))
#48 C:\xampp\htdocs\demoOrderPay\vendor\laravel\framework\src\Illuminate\Pipeline\Pipeline.php(149): Illuminate\Foundation\Http\Middleware\TransformsRequest->handle(Object(Illuminate\Http\Request), Object(Closure))
#49 C:\xampp\htdocs\demoOrderPay\vendor\laravel\framework\src\Illuminate\Routing\Pipeline.php(53): Illuminate\Pipeline\Pipeline->Illuminate\Pipeline\{closure}(Object(Illuminate\Http\Request))
#50 C:\xampp\htdocs\demoOrderPay\vendor\laravel\framework\src\Illuminate\Foundation\Http\Middleware\ValidatePostSize.php(27): Illuminate\Routing\Pipeline->Illuminate\Routing\{closure}(Object(Illuminate\Http\Request))
#51 C:\xampp\htdocs\demoOrderPay\vendor\laravel\framework\src\Illuminate\Pipeline\Pipeline.php(149): Illuminate\Foundation\Http\Middleware\ValidatePostSize->handle(Object(Illuminate\Http\Request), Object(Closure))
#52 C:\xampp\htdocs\demoOrderPay\vendor\laravel\framework\src\Illuminate\Routing\Pipeline.php(53): Illuminate\Pipeline\Pipeline->Illuminate\Pipeline\{closure}(Object(Illuminate\Http\Request))
#53 C:\xampp\htdocs\demoOrderPay\vendor\laravel\framework\src\Illuminate\Foundation\Http\Middleware\CheckForMaintenanceMode.php(46): Illuminate\Routing\Pipeline->Illuminate\Routing\{closure}(Object(Illuminate\Http\Request))
#54 C:\xampp\htdocs\demoOrderPay\vendor\laravel\framework\src\Illuminate\Pipeline\Pipeline.php(149): Illuminate\Foundation\Http\Middleware\CheckForMaintenanceMode->handle(Object(Illuminate\Http\Request), Object(Closure))
#55 C:\xampp\htdocs\demoOrderPay\vendor\laravel\framework\src\Illuminate\Routing\Pipeline.php(53): Illuminate\Pipeline\Pipeline->Illuminate\Pipeline\{closure}(Object(Illuminate\Http\Request))
#56 C:\xampp\htdocs\demoOrderPay\vendor\laravel\framework\src\Illuminate\Pipeline\Pipeline.php(102): Illuminate\Routing\Pipeline->Illuminate\Routing\{closure}(Object(Illuminate\Http\Request))
#57 C:\xampp\htdocs\demoOrderPay\vendor\laravel\framework\src\Illuminate\Foundation\Http\Kernel.php(151): Illuminate\Pipeline\Pipeline->then(Object(Closure))
#58 C:\xampp\htdocs\demoOrderPay\vendor\laravel\framework\src\Illuminate\Foundation\Http\Kernel.php(116): Illuminate\Foundation\Http\Kernel->sendRequestThroughRouter(Object(Illuminate\Http\Request))
#59 C:\xampp\htdocs\demoOrderPay\index.php(53): Illuminate\Foundation\Http\Kernel->handle(Object(Illuminate\Http\Request))
#60 {main}  
[2019-04-29 19:21:10] development.ERROR: Igniter\Flame\Exception\SystemException: The partial 'flash.php' is not found. in C:\xampp\htdocs\demoOrderPay\app\system\traits\ViewMaker.php:161
Stack trace:
#0 C:\xampp\htdocs\demoOrderPay\app\admin\actions\FormController.php(240): System\Classes\ControllerAction->makePartial('flash.php')
#1 [internal function]: Admin\Actions\FormController->create_onSave('create')
#2 C:\xampp\htdocs\demoOrderPay\vendor\tastyigniter\flame\src\Traits\ExtendableTrait.php(384): call_user_func_array(Array, Array)
#3 C:\xampp\htdocs\demoOrderPay\vendor\tastyigniter\flame\src\Support\Extendable.php(42): Igniter\Flame\Support\Extendable->extendableCall('create_onSave', Array)
#4 [internal function]: Igniter\Flame\Support\Extendable->__call('create_onSave', Array)
#5 C:\xampp\htdocs\demoOrderPay\app\admin\classes\AdminController.php(306): call_user_func_array(Array, Array)
#6 C:\xampp\htdocs\demoOrderPay\app\admin\classes\AdminController.php(189): Admin\Classes\AdminController->runHandler('onSave', Array)
#7 C:\xampp\htdocs\demoOrderPay\app\admin\classes\AdminController.php(149): Admin\Classes\AdminController->processHandlers()
#8 C:\xampp\htdocs\demoOrderPay\app\system\classes\Controller.php(118): Admin\Classes\AdminController->remap('create', Array)
#9 [internal function]: System\Classes\Controller->runAdmin('igniter/pages/p...')
#10 C:\xampp\htdocs\demoOrderPay\vendor\laravel\framework\src\Illuminate\Routing\Controller.php(54): call_user_func_array(Array, Array)
#11 C:\xampp\htdocs\demoOrderPay\vendor\laravel\framework\src\Illuminate\Routing\ControllerDispatcher.php(45): Illuminate\Routing\Controller->callAction('runAdmin', Array)
#12 C:\xampp\htdocs\demoOrderPay\vendor\laravel\framework\src\Illuminate\Routing\Route.php(212): Illuminate\Routing\ControllerDispatcher->dispatch(Object(Illuminate\Routing\Route), Object(System\Classes\Controller), 'runAdmin')
#13 C:\xampp\htdocs\demoOrderPay\vendor\laravel\framework\src\Illuminate\Routing\Route.php(169): Illuminate\Routing\Route->runController()
#14 C:\xampp\htdocs\demoOrderPay\vendor\laravel\framework\src\Illuminate\Routing\Router.php(658): Illuminate\Routing\Route->run()
#15 C:\xampp\htdocs\demoOrderPay\vendor\laravel\framework\src\Illuminate\Routing\Pipeline.php(30): Illuminate\Routing\Router->Illuminate\Routing\{closure}(Object(Illuminate\Http\Request))
#16 C:\xampp\htdocs\demoOrderPay\vendor\tastyigniter\flame\src\Translation\Middleware\Localization.php(26): Illuminate\Routing\Pipeline->Illuminate\Routing\{closure}(Object(Illuminate\Http\Request))
#17 C:\xampp\htdocs\demoOrderPay\vendor\laravel\framework\src\Illuminate\Pipeline\Pipeline.php(149): Igniter\Flame\Translation\Middleware\Localization->handle(Object(Illuminate\Http\Request), Object(Closure))
#18 C:\xampp\htdocs\demoOrderPay\vendor\laravel\framework\src\Illuminate\Routing\Pipeline.php(53): Illuminate\Pipeline\Pipeline->Illuminate\Pipeline\{closure}(Object(Illuminate\Http\Request))
#19 C:\xampp\htdocs\demoOrderPay\vendor\laravel\framework\src\Illuminate\Routing\Middleware\SubstituteBindings.php(41): Illuminate\Routing\Pipeline->Illuminate\Routing\{closure}(Object(Illuminate\Http\Request))
#20 C:\xampp\htdocs\demoOrderPay\vendor\laravel\framework\src\Illuminate\Pipeline\Pipeline.php(149): Illuminate\Routing\Middleware\SubstituteBindings->handle(Object(Illuminate\Http\Request), Object(Closure))
#21 C:\xampp\htdocs\demoOrderPay\vendor\laravel\framework\src\Illuminate\Routing\Pipeline.php(53): Illuminate\Pipeline\Pipeline->Illuminate\Pipeline\{closure}(Object(Illuminate\Http\Request))
#22 C:\xampp\htdocs\demoOrderPay\vendor\laravel\framework\src\Illuminate\View\Middleware\ShareErrorsFromSession.php(49): Illuminate\Routing\Pipeline->Illuminate\Routing\{closure}(Object(Illuminate\Http\Request))
#23 C:\xampp\htdocs\demoOrderPay\vendor\laravel\framework\src\Illuminate\Pipeline\Pipeline.php(149): Illuminate\View\Middleware\ShareErrorsFromSession->handle(Object(Illuminate\Http\Request), Object(Closure))
#24 C:\xampp\htdocs\demoOrderPay\vendor\laravel\framework\src\Illuminate\Routing\Pipeline.php(53): Illuminate\Pipeline\Pipeline->Illuminate\Pipeline\{closure}(Object(Illuminate\Http\Request))
#25 C:\xampp\htdocs\demoOrderPay\vendor\laravel\framework\src\Illuminate\Session\Middleware\StartSession.php(63): Illuminate\Routing\Pipeline->Illuminate\Routing\{closure}(Object(Illuminate\Http\Request))
#26 C:\xampp\htdocs\demoOrderPay\vendor\laravel\framework\src\Illuminate\Pipeline\Pipeline.php(149): Illuminate\Session\Middleware\StartSession->handle(Object(Illuminate\Http\Request), Object(Closure))
#27 C:\xampp\htdocs\demoOrderPay\vendor\laravel\framework\src\Illuminate\Routing\Pipeline.php(53): Illuminate\Pipeline\Pipeline->Illuminate\Pipeline\{closure}(Object(Illuminate\Http\Request))
#28 C:\xampp\htdocs\demoOrderPay\vendor\laravel\framework\src\Illuminate\Cookie\Middleware\AddQueuedCookiesToResponse.php(37): Illuminate\Routing\Pipeline->Illuminate\Routing\{closure}(Object(Illuminate\Http\Request))
#29 C:\xampp\htdocs\demoOrderPay\vendor\laravel\framework\src\Illuminate\Pipeline\Pipeline.php(149): Illuminate\Cookie\Middleware\AddQueuedCookiesToResponse->handle(Object(Illuminate\Http\Request), Object(Closure))
#30 C:\xampp\htdocs\demoOrderPay\vendor\laravel\framework\src\Illuminate\Routing\Pipeline.php(53): Illuminate\Pipeline\Pipeline->Illuminate\Pipeline\{closure}(Object(Illuminate\Http\Request))
#31 C:\xampp\htdocs\demoOrderPay\vendor\laravel\framework\src\Illuminate\Cookie\Middleware\EncryptCookies.php(66): Illuminate\Routing\Pipeline->Illuminate\Routing\{closure}(Object(Illuminate\Http\Request))
#32 C:\xampp\htdocs\demoOrderPay\vendor\laravel\framework\src\Illuminate\Pipeline\Pipeline.php(149): Illuminate\Cookie\Middleware\EncryptCookies->handle(Object(Illuminate\Http\Request), Object(Closure))
#33 C:\xampp\htdocs\demoOrderPay\vendor\laravel\framework\src\Illuminate\Routing\Pipeline.php(53): Illuminate\Pipeline\Pipeline->Illuminate\Pipeline\{closure}(Object(Illuminate\Http\Request))
#34 C:\xampp\htdocs\demoOrderPay\vendor\laravel\framework\src\Illuminate\Pipeline\Pipeline.php(102): Illuminate\Routing\Pipeline->Illuminate\Routing\{closure}(Object(Illuminate\Http\Request))
#35 C:\xampp\htdocs\demoOrderPay\vendor\laravel\framework\src\Illuminate\Routing\Router.php(660): Illuminate\Pipeline\Pipeline->then(Object(Closure))
#36 C:\xampp\htdocs\demoOrderPay\vendor\laravel\framework\src\Illuminate\Routing\Router.php(635): Illuminate\Routing\Router->runRouteWithinStack(Object(Illuminate\Routing\Route), Object(Illuminate\Http\Request))
#37 C:\xampp\htdocs\demoOrderPay\vendor\laravel\framework\src\Illuminate\Routing\Router.php(601): Illuminate\Routing\Router->runRoute(Object(Illuminate\Http\Request), Object(Illuminate\Routing\Route))
#38 C:\xampp\htdocs\demoOrderPay\vendor\october\rain\src\Router\CoreRouter.php(20): Illuminate\Routing\Router->dispatchToRoute(Object(Illuminate\Http\Request))
#39 C:\xampp\htdocs\demoOrderPay\vendor\laravel\framework\src\Illuminate\Foundation\Http\Kernel.php(176): October\Rain\Router\CoreRouter->dispatch(Object(Illuminate\Http\Request))
#40 C:\xampp\htdocs\demoOrderPay\vendor\laravel\framework\src\Illuminate\Routing\Pipeline.php(30): Illuminate\Foundation\Http\Kernel->Illuminate\Foundation\Http\{closure}(Object(Illuminate\Http\Request))
#41 C:\xampp\htdocs\demoOrderPay\vendor\tastyigniter\flame\src\Setting\Middleware\SaveSetting.php(25): Illuminate\Routing\Pipeline->Illuminate\Routing\{closure}(Object(Illuminate\Http\Request))
#42 C:\xampp\htdocs\demoOrderPay\vendor\laravel\framework\src\Illuminate\Pipeline\Pipeline.php(149): Igniter\Flame\Setting\Middleware\SaveSetting->handle(Object(Illuminate\Http\Request), Object(Closure))
#43 C:\xampp\htdocs\demoOrderPay\vendor\laravel\framework\src\Illuminate\Routing\Pipeline.php(53): Illuminate\Pipeline\Pipeline->Illuminate\Pipeline\{closure}(Object(Illuminate\Http\Request))
#44 C:\xampp\htdocs\demoOrderPay\vendor\fideloper\proxy\src\TrustProxies.php(56): Illuminate\Routing\Pipeline->Illuminate\Routing\{closure}(Object(Illuminate\Http\Request))
#45 C:\xampp\htdocs\demoOrderPay\vendor\laravel\framework\src\Illuminate\Pipeline\Pipeline.php(149): Fideloper\Proxy\TrustProxies->handle(Object(Illuminate\Http\Request), Object(Closure))
#46 C:\xampp\htdocs\demoOrderPay\vendor\laravel\framework\src\Illuminate\Routing\Pipeline.php(53): Illuminate\Pipeline\Pipeline->Illuminate\Pipeline\{closure}(Object(Illuminate\Http\Request))
#47 C:\xampp\htdocs\demoOrderPay\vendor\laravel\framework\src\Illuminate\Foundation\Http\Middleware\TransformsRequest.php(30): Illuminate\Routing\Pipeline->Illuminate\Routing\{closure}(Object(Illuminate\Http\Request))
#48 C:\xampp\htdocs\demoOrderPay\vendor\laravel\framework\src\Illuminate\Pipeline\Pipeline.php(149): Illuminate\Foundation\Http\Middleware\TransformsRequest->handle(Object(Illuminate\Http\Request), Object(Closure))
#49 C:\xampp\htdocs\demoOrderPay\vendor\laravel\framework\src\Illuminate\Routing\Pipeline.php(53): Illuminate\Pipeline\Pipeline->Illuminate\Pipeline\{closure}(Object(Illuminate\Http\Request))
#50 C:\xampp\htdocs\demoOrderPay\vendor\laravel\framework\src\Illuminate\Foundation\Http\Middleware\ValidatePostSize.php(27): Illuminate\Routing\Pipeline->Illuminate\Routing\{closure}(Object(Illuminate\Http\Request))
#51 C:\xampp\htdocs\demoOrderPay\vendor\laravel\framework\src\Illuminate\Pipeline\Pipeline.php(149): Illuminate\Foundation\Http\Middleware\ValidatePostSize->handle(Object(Illuminate\Http\Request), Object(Closure))
#52 C:\xampp\htdocs\demoOrderPay\vendor\laravel\framework\src\Illuminate\Routing\Pipeline.php(53): Illuminate\Pipeline\Pipeline->Illuminate\Pipeline\{closure}(Object(Illuminate\Http\Request))
#53 C:\xampp\htdocs\demoOrderPay\vendor\laravel\framework\src\Illuminate\Foundation\Http\Middleware\CheckForMaintenanceMode.php(46): Illuminate\Routing\Pipeline->Illuminate\Routing\{closure}(Object(Illuminate\Http\Request))
#54 C:\xampp\htdocs\demoOrderPay\vendor\laravel\framework\src\Illuminate\Pipeline\Pipeline.php(149): Illuminate\Foundation\Http\Middleware\CheckForMaintenanceMode->handle(Object(Illuminate\Http\Request), Object(Closure))
#55 C:\xampp\htdocs\demoOrderPay\vendor\laravel\framework\src\Illuminate\Routing\Pipeline.php(53): Illuminate\Pipeline\Pipeline->Illuminate\Pipeline\{closure}(Object(Illuminate\Http\Request))
#56 C:\xampp\htdocs\demoOrderPay\vendor\laravel\framework\src\Illuminate\Pipeline\Pipeline.php(102): Illuminate\Routing\Pipeline->Illuminate\Routing\{closure}(Object(Illuminate\Http\Request))
#57 C:\xampp\htdocs\demoOrderPay\vendor\laravel\framework\src\Illuminate\Foundation\Http\Kernel.php(151): Illuminate\Pipeline\Pipeline->then(Object(Closure))
#58 C:\xampp\htdocs\demoOrderPay\vendor\laravel\framework\src\Illuminate\Foundation\Http\Kernel.php(116): Illuminate\Foundation\Http\Kernel->sendRequestThroughRouter(Object(Illuminate\Http\Request))
#59 C:\xampp\htdocs\demoOrderPay\index.php(53): Illuminate\Foundation\Http\Kernel->handle(Object(Illuminate\Http\Request))
#60 {main}  
